\BOOKMARK [0][-]{chapter.1}{Introduction}{}% 1
\BOOKMARK [1][-]{section.1.1}{Background}{chapter.1}% 2
\BOOKMARK [1][-]{section.1.2}{Motivation}{chapter.1}% 3
\BOOKMARK [1][-]{section.1.3}{Literature Review}{chapter.1}% 4
\BOOKMARK [1][-]{section.1.4}{Research Scope}{chapter.1}% 5
\BOOKMARK [0][-]{chapter.2}{The Powered Descent Guidance Problem}{}% 6
\BOOKMARK [1][-]{subsection.2.0.1}{Dynamics}{chapter.2}% 7
\BOOKMARK [2][-]{subsection.2.0.2}{Constraints and Boundary Conditions}{subsection.2.0.1}% 8
\BOOKMARK [2][-]{subsection.2.0.3}{Continuous Time Problem}{subsection.2.0.1}% 9
\BOOKMARK [0][-]{chapter.3}{Convex Formulation}{}% 10
\BOOKMARK [1][-]{section.3.1}{Convex Form}{chapter.3}% 11
\BOOKMARK [2][-]{subsection.3.1.1}{Linearization}{section.3.1}% 12
\BOOKMARK [2][-]{subsection.3.1.2}{Discretization Scheme}{section.3.1}% 13
\BOOKMARK [2][-]{subsection.3.1.3}{Successive Form, Trust Regions and Relaxations}{section.3.1}% 14
\BOOKMARK [1][-]{section.3.2}{Algorithm}{chapter.3}% 15
\BOOKMARK [0][-]{chapter.4}{Results}{}% 16
\BOOKMARK [1][-]{section.4.1}{Dimensionalized Simulation Results}{chapter.4}% 17
\BOOKMARK [1][-]{section.4.2}{Attitude Trajectory Tracking with Cold Gas Thrusters}{chapter.4}% 18
\BOOKMARK [2][-]{subsection.4.2.1}{Simulation Framework}{section.4.2}% 19
\BOOKMARK [2][-]{subsection.4.2.2}{Starting At Nominal Attitude}{section.4.2}% 20
\BOOKMARK [2][-]{subsection.4.2.3}{Starting At Off-Nominal Attitude and Angular Rate}{section.4.2}% 21
\BOOKMARK [0][-]{chapter.5}{Analysis}{}% 22
\BOOKMARK [0][-]{chapter.6}{Conclusions}{}% 23
\BOOKMARK [1][-]{section.6.1}{Conclusions and Future Work}{chapter.6}% 24
\BOOKMARK [-1][-]{chapter*.7}{ Bibliography}{}% 25
\BOOKMARK [0][-]{appendix.A}{Planetary Landing Testbed Development}{chapter*.7}% 26
