\BOOKMARK [0][-]{chapter.1}{Introduction}{}% 1
\BOOKMARK [1][-]{section.1.1}{Background}{chapter.1}% 2
\BOOKMARK [1][-]{section.1.2}{Motivation}{chapter.1}% 3
\BOOKMARK [1][-]{section.1.3}{Literature Review}{chapter.1}% 4
\BOOKMARK [1][-]{section.1.4}{Research Scope}{chapter.1}% 5
\BOOKMARK [0][-]{chapter.2}{The Powered Descent Guidance Problem}{}% 6
\BOOKMARK [1][-]{subsection.2.0.1}{Dynamics}{chapter.2}% 7
\BOOKMARK [2][-]{subsection.2.0.2}{Constraints and Boundary Conditions}{subsection.2.0.1}% 8
\BOOKMARK [2][-]{subsection.2.0.3}{Continuous Time Problem}{subsection.2.0.1}% 9
\BOOKMARK [1][-]{section.2.1}{Convex Form}{chapter.2}% 10
\BOOKMARK [2][-]{subsection.2.1.1}{Linearization}{section.2.1}% 11
\BOOKMARK [2][-]{subsection.2.1.2}{Discretization Scheme}{section.2.1}% 12
\BOOKMARK [2][-]{subsection.2.1.3}{Successive Form, Trust Regions and Relaxations}{section.2.1}% 13
\BOOKMARK [1][-]{section.2.2}{Algorithm}{chapter.2}% 14
\BOOKMARK [1][-]{section.2.3}{Dimensionalized Simulation Results}{chapter.2}% 15
\BOOKMARK [1][-]{section.2.4}{Attitude Trajectory Tracking with Cold Gas Thrusters}{chapter.2}% 16
\BOOKMARK [2][-]{subsection.2.4.1}{Simulation Framework}{section.2.4}% 17
\BOOKMARK [2][-]{subsection.2.4.2}{Starting At Nominal Attitude}{section.2.4}% 18
\BOOKMARK [2][-]{subsection.2.4.3}{Starting At Off-Nominal Attitude and Angular Rate}{section.2.4}% 19
\BOOKMARK [1][-]{section.2.5}{Conclusions and Future Work}{chapter.2}% 20
\BOOKMARK [-1][-]{chapter*.7}{ Bibliography}{}% 21
\BOOKMARK [0][-]{appendix.A}{Weird Exam Answers}{chapter*.7}% 22
\BOOKMARK [0][-]{appendix.B}{Ode to Spot}{chapter*.7}% 23
