This is pdfTeX, Version 3.14159265-2.6-1.40.19 (MiKTeX 2.9.6800 64-bit) (preloaded format=pdflatex 2018.9.12)  6 OCT 2019 11:05
entering extended mode
**./mythesis.tex
(mythesis.tex
LaTeX2e <2018-04-01> patch level 5
(thesis.cls
Document Class: thesis 2014/03/27

--------------------------------------------------------------
 +---+ Thesis Style (thesis.cls) version 1.13
 +---+ for University of Colorado Ph.D. theses/dissertations.
 * Conforms to the University of Colorado at Boulder Graduate
 * School "SPECIFICATIONS for Preparation of Master's Thesis
 * and Doctoral Dissertations" (rev. March 2014).
--------------------------------------------------------------
 URL: http://www.colorado.edu/oit/software-hardware/tex-latex


("C:\Users\Padraig Lysandrou\AppData\Local\Programs\MiKTeX 2.9\tex\latex\base\r
eport.cls"
Document Class: report 2014/09/29 v1.4h Standard LaTeX document class

("C:\Users\Padraig Lysandrou\AppData\Local\Programs\MiKTeX 2.9\tex\latex\base\s
ize11.clo"
File: size11.clo 2014/09/29 v1.4h Standard LaTeX file (size option)
)
\c@part=\count80
\c@chapter=\count81
\c@section=\count82
\c@subsection=\count83
\c@subsubsection=\count84
\c@paragraph=\count85
\c@subparagraph=\count86
\c@figure=\count87
\c@table=\count88
\abovecaptionskip=\skip41
\belowcaptionskip=\skip42
\bibindent=\dimen102
)
("C:\Users\Padraig Lysandrou\AppData\Local\Programs\MiKTeX 2.9\tex\latex\tools\
indentfirst.sty"
Package: indentfirst 1995/11/23 v1.03 Indent first paragraph (DPC)
)
("C:\Users\Padraig Lysandrou\AppData\Local\Programs\MiKTeX 2.9\tex\latex\base\i
fthen.sty"
Package: ifthen 2014/09/29 v1.1c Standard LaTeX ifthen package (DPC)
)
("C:\Users\Padraig Lysandrou\AppData\Local\Programs\MiKTeX 2.9\tex\latex\ulem\u
lem.sty"
\UL@box=\box26
\UL@hyphenbox=\box27
\UL@skip=\skip43
\UL@hook=\toks14
\UL@height=\dimen103
\UL@pe=\count89
\UL@pixel=\dimen104
\ULC@box=\box28
Package: ulem 2012/05/18
\ULdepth=\dimen105
)
\c@th@SecNum=\count90
\c@th@SectionSave=\count91
\th@SubSubSecSpc=\skip44
\c@th@storepage=\count92
)
("C:\Users\Padraig Lysandrou\AppData\Local\Programs\MiKTeX 2.9\tex\latex\amsfon
ts\amssymb.sty"
Package: amssymb 2013/01/14 v3.01 AMS font symbols

("C:\Users\Padraig Lysandrou\AppData\Local\Programs\MiKTeX 2.9\tex\latex\amsfon
ts\amsfonts.sty"
Package: amsfonts 2013/01/14 v3.01 Basic AMSFonts support
\@emptytoks=\toks15
\symAMSa=\mathgroup4
\symAMSb=\mathgroup5
LaTeX Font Info:    Overwriting math alphabet `\mathfrak' in version `bold'
(Font)                  U/euf/m/n --> U/euf/b/n on input line 106.
))
("C:\Users\Padraig Lysandrou\AppData\Local\Programs\MiKTeX 2.9\tex\latex\graphi
cs\graphicx.sty"
Package: graphicx 2017/06/01 v1.1a Enhanced LaTeX Graphics (DPC,SPQR)

("C:\Users\Padraig Lysandrou\AppData\Local\Programs\MiKTeX 2.9\tex\latex\graphi
cs\keyval.sty"
Package: keyval 2014/10/28 v1.15 key=value parser (DPC)
\KV@toks@=\toks16
)
("C:\Users\Padraig Lysandrou\AppData\Local\Programs\MiKTeX 2.9\tex\latex\graphi
cs\graphics.sty"
Package: graphics 2017/06/25 v1.2c Standard LaTeX Graphics (DPC,SPQR)

("C:\Users\Padraig Lysandrou\AppData\Local\Programs\MiKTeX 2.9\tex\latex\graphi
cs\trig.sty"
Package: trig 2016/01/03 v1.10 sin cos tan (DPC)
)
("C:\Users\Padraig Lysandrou\AppData\Local\Programs\MiKTeX 2.9\tex\latex\graphi
cs-cfg\graphics.cfg"
File: graphics.cfg 2016/06/04 v1.11 sample graphics configuration
)
Package graphics Info: Driver file: pdftex.def on input line 99.

("C:\Users\Padraig Lysandrou\AppData\Local\Programs\MiKTeX 2.9\tex\latex\graphi
cs-def\pdftex.def"
File: pdftex.def 2018/01/08 v1.0l Graphics/color driver for pdftex
))
\Gin@req@height=\dimen106
\Gin@req@width=\dimen107
)
("C:\Users\Padraig Lysandrou\AppData\Local\Programs\MiKTeX 2.9\tex\latex\hyperr
ef\hyperref.sty"
Package: hyperref 2018/02/06 v6.86b Hypertext links for LaTeX

("C:\Users\Padraig Lysandrou\AppData\Local\Programs\MiKTeX 2.9\tex\generic\ober
diek\hobsub-hyperref.sty"
Package: hobsub-hyperref 2016/05/16 v1.14 Bundle oberdiek, subset hyperref (HO)


("C:\Users\Padraig Lysandrou\AppData\Local\Programs\MiKTeX 2.9\tex\generic\ober
diek\hobsub-generic.sty"
Package: hobsub-generic 2016/05/16 v1.14 Bundle oberdiek, subset generic (HO)
Package: hobsub 2016/05/16 v1.14 Construct package bundles (HO)
Package: infwarerr 2016/05/16 v1.4 Providing info/warning/error messages (HO)
Package: ltxcmds 2016/05/16 v1.23 LaTeX kernel commands for general use (HO)
Package: ifluatex 2016/05/16 v1.4 Provides the ifluatex switch (HO)
Package ifluatex Info: LuaTeX not detected.
Package: ifvtex 2016/05/16 v1.6 Detect VTeX and its facilities (HO)
Package ifvtex Info: VTeX not detected.
Package: intcalc 2016/05/16 v1.2 Expandable calculations with integers (HO)
Package: ifpdf 2017/03/15 v3.2 Provides the ifpdf switch
Package: etexcmds 2016/05/16 v1.6 Avoid name clashes with e-TeX commands (HO)
Package etexcmds Info: Could not find \expanded.
(etexcmds)             That can mean that you are not using pdfTeX 1.50 or
(etexcmds)             that some package has redefined \expanded.
(etexcmds)             In the latter case, load this package earlier.
Package: kvsetkeys 2016/05/16 v1.17 Key value parser (HO)
Package: kvdefinekeys 2016/05/16 v1.4 Define keys (HO)
Package: pdftexcmds 2018/01/30 v0.27 Utility functions of pdfTeX for LuaTeX (HO
)
Package pdftexcmds Info: LuaTeX not detected.
Package pdftexcmds Info: \pdf@primitive is available.
Package pdftexcmds Info: \pdf@ifprimitive is available.
Package pdftexcmds Info: \pdfdraftmode found.
Package: pdfescape 2016/05/16 v1.14 Implements pdfTeX's escape features (HO)
Package: bigintcalc 2016/05/16 v1.4 Expandable calculations on big integers (HO
)
Package: bitset 2016/05/16 v1.2 Handle bit-vector datatype (HO)
Package: uniquecounter 2016/05/16 v1.3 Provide unlimited unique counter (HO)
)
Package hobsub Info: Skipping package `hobsub' (already loaded).
Package: letltxmacro 2016/05/16 v1.5 Let assignment for LaTeX macros (HO)
Package: hopatch 2016/05/16 v1.3 Wrapper for package hooks (HO)
Package: xcolor-patch 2016/05/16 xcolor patch
Package: atveryend 2016/05/16 v1.9 Hooks at the very end of document (HO)
Package atveryend Info: \enddocument detected (standard20110627).
Package: atbegshi 2016/06/09 v1.18 At begin shipout hook (HO)
Package: refcount 2016/05/16 v3.5 Data extraction from label references (HO)
Package: hycolor 2016/05/16 v1.8 Color options for hyperref/bookmark (HO)
)
("C:\Users\Padraig Lysandrou\AppData\Local\Programs\MiKTeX 2.9\tex\generic\ifxe
tex\ifxetex.sty"
Package: ifxetex 2010/09/12 v0.6 Provides ifxetex conditional
)
("C:\Users\Padraig Lysandrou\AppData\Local\Programs\MiKTeX 2.9\tex\latex\oberdi
ek\auxhook.sty"
Package: auxhook 2016/05/16 v1.4 Hooks for auxiliary files (HO)


Package auxhook Warning: Cannot patch \document,
(auxhook)                using \AtBeginDocument instead.

)
("C:\Users\Padraig Lysandrou\AppData\Local\Programs\MiKTeX 2.9\tex\latex\oberdi
ek\kvoptions.sty"
Package: kvoptions 2016/05/16 v3.12 Key value format for package options (HO)
)
\@linkdim=\dimen108
\Hy@linkcounter=\count93
\Hy@pagecounter=\count94

("C:\Users\Padraig Lysandrou\AppData\Local\Programs\MiKTeX 2.9\tex\latex\hyperr
ef\pd1enc.def"
File: pd1enc.def 2018/02/06 v6.86b Hyperref: PDFDocEncoding definition (HO)
Now handling font encoding PD1 ...
... no UTF-8 mapping file for font encoding PD1
)
\Hy@SavedSpaceFactor=\count95

("C:\Users\Padraig Lysandrou\AppData\Local\Programs\MiKTeX 2.9\tex\latex\00mikt
ex\hyperref.cfg"
File: hyperref.cfg 2002/06/06 v1.2 hyperref configuration of TeXLive
)
Package hyperref Info: Hyper figures OFF on input line 4509.
Package hyperref Info: Link nesting OFF on input line 4514.
Package hyperref Info: Hyper index ON on input line 4517.
Package hyperref Info: Plain pages OFF on input line 4524.
Package hyperref Info: Backreferencing OFF on input line 4529.
Package hyperref Info: Implicit mode ON; LaTeX internals redefined.
Package hyperref Info: Bookmarks ON on input line 4762.
\c@Hy@tempcnt=\count96

("C:\Users\Padraig Lysandrou\AppData\Local\Programs\MiKTeX 2.9\tex\latex\url\ur
l.sty"
\Urlmuskip=\muskip10
Package: url 2013/09/16  ver 3.4  Verb mode for urls, etc.
)
LaTeX Info: Redefining \url on input line 5115.
\XeTeXLinkMargin=\dimen109
\Fld@menulength=\count97
\Field@Width=\dimen110
\Fld@charsize=\dimen111
Package hyperref Info: Hyper figures OFF on input line 6369.
Package hyperref Info: Link nesting OFF on input line 6374.
Package hyperref Info: Hyper index ON on input line 6377.
Package hyperref Info: backreferencing OFF on input line 6384.
Package hyperref Info: Link coloring OFF on input line 6389.
Package hyperref Info: Link coloring with OCG OFF on input line 6394.
Package hyperref Info: PDF/A mode OFF on input line 6399.
LaTeX Info: Redefining \ref on input line 6439.
LaTeX Info: Redefining \pageref on input line 6443.
\Hy@abspage=\count98
\c@Item=\count99
\c@Hfootnote=\count100
)
Package hyperref Info: Driver (autodetected): hpdftex.

("C:\Users\Padraig Lysandrou\AppData\Local\Programs\MiKTeX 2.9\tex\latex\hyperr
ef\hpdftex.def"
File: hpdftex.def 2018/02/06 v6.86b Hyperref driver for pdfTeX
\Fld@listcount=\count101
\c@bookmark@seq@number=\count102

("C:\Users\Padraig Lysandrou\AppData\Local\Programs\MiKTeX 2.9\tex\latex\oberdi
ek\rerunfilecheck.sty"
Package: rerunfilecheck 2016/05/16 v1.8 Rerun checks for auxiliary files (HO)
Package uniquecounter Info: New unique counter `rerunfilecheck' on input line 2
82.
)
\Hy@SectionHShift=\skip45
)
Putting page number on short ToC
Putting page number on short LoF
Putting page number on short LoT
(mythesis.aux)
\openout1 = `mythesis.aux'.

LaTeX Font Info:    Checking defaults for OML/cmm/m/it on input line 61.
LaTeX Font Info:    ... okay on input line 61.
LaTeX Font Info:    Checking defaults for T1/cmr/m/n on input line 61.
LaTeX Font Info:    ... okay on input line 61.
LaTeX Font Info:    Checking defaults for OT1/cmr/m/n on input line 61.
LaTeX Font Info:    ... okay on input line 61.
LaTeX Font Info:    Checking defaults for OMS/cmsy/m/n on input line 61.
LaTeX Font Info:    ... okay on input line 61.
LaTeX Font Info:    Checking defaults for OMX/cmex/m/n on input line 61.
LaTeX Font Info:    ... okay on input line 61.
LaTeX Font Info:    Checking defaults for U/cmr/m/n on input line 61.
LaTeX Font Info:    ... okay on input line 61.
LaTeX Font Info:    Checking defaults for PD1/pdf/m/n on input line 61.
LaTeX Font Info:    ... okay on input line 61.

("C:\Users\Padraig Lysandrou\AppData\Local\Programs\MiKTeX 2.9\tex\context\base
\supp-pdf.mkii"
[Loading MPS to PDF converter (version 2006.09.02).]
\scratchcounter=\count103
\scratchdimen=\dimen112
\scratchbox=\box29
\nofMPsegments=\count104
\nofMParguments=\count105
\everyMPshowfont=\toks17
\MPscratchCnt=\count106
\MPscratchDim=\dimen113
\MPnumerator=\count107
\makeMPintoPDFobject=\count108
\everyMPtoPDFconversion=\toks18
)
("C:\Users\Padraig Lysandrou\AppData\Local\Programs\MiKTeX 2.9\tex\latex\oberdi
ek\epstopdf-base.sty"
Package: epstopdf-base 2016/05/15 v2.6 Base part for package epstopdf

("C:\Users\Padraig Lysandrou\AppData\Local\Programs\MiKTeX 2.9\tex\latex\oberdi
ek\grfext.sty"
Package: grfext 2016/05/16 v1.2 Manage graphics extensions (HO)
)
Package epstopdf-base Info: Redefining graphics rule for `.eps' on input line 4
38.
Package grfext Info: Graphics extension search list:
(grfext)             [.pdf,.png,.jpg,.mps,.jpeg,.jbig2,.jb2,.PDF,.PNG,.JPG,.JPE
G,.JBIG2,.JB2,.eps]
(grfext)             \AppendGraphicsExtensions on input line 456.
)
\AtBeginShipoutBox=\box30
Package hyperref Info: Link coloring OFF on input line 61.

("C:\Users\Padraig Lysandrou\AppData\Local\Programs\MiKTeX 2.9\tex\latex\hyperr
ef\nameref.sty"
Package: nameref 2016/05/21 v2.44 Cross-referencing by name of section

("C:\Users\Padraig Lysandrou\AppData\Local\Programs\MiKTeX 2.9\tex\generic\ober
diek\gettitlestring.sty"
Package: gettitlestring 2016/05/16 v1.5 Cleanup title references (HO)
)
\c@section@level=\count109
)
LaTeX Info: Redefining \ref on input line 61.
LaTeX Info: Redefining \pageref on input line 61.
LaTeX Info: Redefining \nameref on input line 61.
 (mythesis.out) (mythesis.out)
\@outlinefile=\write3
\openout3 = `mythesis.out'.


Making Title Page
Making Approval Page
[1


{C:/Users/Padraig Lysandrou/AppData/Local/MiKTeX/2.9/pdftex/config/pdftex.map}]

Making Abstract Page
[2

]
LaTeX Font Info:    Try loading font information for U+msa on input line 61.

("C:\Users\Padraig Lysandrou\AppData\Local\Programs\MiKTeX 2.9\tex\latex\amsfon
ts\umsa.fd"
File: umsa.fd 2013/01/14 v3.01 AMS symbols A
)
LaTeX Font Info:    Try loading font information for U+msb on input line 61.

("C:\Users\Padraig Lysandrou\AppData\Local\Programs\MiKTeX 2.9\tex\latex\amsfon
ts\umsb.fd"
File: umsb.fd 2013/01/14 v3.01 AMS symbols B
)
Making Dedication Page
[3

]
centered
Making Acknowledgement Page
[4


]
centered
Making ToC Page
Making Short ToC...
[5


]
centered
Short Chapter (page numbered)
(mythesis.toc)
\tf@toc=\write4
\openout4 = `mythesis.toc'.


Making LoT Page
Making Short LoT...
[6

]
centered
Short Chapter (page numbered)
(mythesis.lot)
\tf@lot=\write5
\openout5 = `mythesis.lot'.


Making LoF Page
Making Short LoF...
[7

]
centered
Short Chapter (page numbered)
(mythesis.lof)
\tf@lof=\write6
\openout6 = `mythesis.lof'.




-------------------Beginning Body----------------------


[8

] (macros.tex
\c@th@theorem=\count110
) (chapter1.tex
 \th@ChapterStyle\th@DoChapCenterChapter \th@ChapterStyle 1.
centered
<figs/cyl.pdf, id=119, 467.7475pt x 223.83624pt>
File: figs/cyl.pdf Graphic file (type pdf)
<use figs/cyl.pdf>
Package pdftex.def Info: figs/cyl.pdf  used on input line 52.
(pdftex.def)             Requested size: 284.52756pt x 136.1642pt.
<figs/drawing.png, id=120, 361.35pt x 308.15125pt>
File: figs/drawing.png Graphic file (type png)
<use figs/drawing.png>
Package pdftex.def Info: figs/drawing.png  used on input line 74.
(pdftex.def)             Requested size: 199.16928pt x 169.84575pt.
<figs/drawing.jpg, id=121, 361.35pt x 308.15125pt>
File: figs/drawing.jpg Graphic file (type jpg)
<use figs/drawing.jpg>
Package pdftex.def Info: figs/drawing.jpg  used on input line 78.
(pdftex.def)             Requested size: 199.16928pt x 169.84575pt.
[1


] [2 <./figs/cyl.pdf> <./figs/drawing.png (PNG copy)> <./figs/drawing.jpg>]
LaTeX Font Info:    Try loading font information for OMS+cmr on input line 100.


("C:\Users\Padraig Lysandrou\AppData\Local\Programs\MiKTeX 2.9\tex\latex\base\o
mscmr.fd"
File: omscmr.fd 2014/09/29 v2.5h Standard LaTeX font definitions
)
LaTeX Font Info:    Font shape `OMS/cmr/m/n' in size <10.95> not available
(Font)              Font shape `OMS/cmsy/m/n' tried instead on input line 100.
 [3]) (chapter2.tex [4]
 \th@ChapterStyle\th@DoChapCenterChapter \th@ChapterStyle 2.
centered
<figs/pyr.pdf, id=179, 431.6125pt x 525.965pt>
File: figs/pyr.pdf Graphic file (type pdf)
<use figs/pyr.pdf>
Package pdftex.def Info: figs/pyr.pdf  used on input line 64.
(pdftex.def)             Requested size: 256.0748pt x 312.06622pt.
[5

] [6 <./figs/pyr.pdf>]
Overfull \hbox (19.65895pt too wide) in paragraph at lines 82--85
[]\OT1/cmr/m/n/10.95 And now, here is an ex-am-ple of us-ing the macros [][]\OT
1/cmtt/m/n/10.95 \begin{singlespace} []\OT1/cmr/m/n/10.95 and [][]\OT1/cmtt/m/n
/10.95 \end{singlespace}[]\OT1/cmr/m/n/10.95 ;
 []

<figs/tableD.pdf, id=197, 614.295pt x 794.97pt>
File: figs/tableD.pdf Graphic file (type pdf)
<use figs/tableD.pdf>
Package pdftex.def Info: figs/tableD.pdf  used on input line 114.
(pdftex.def)             Requested size: 393.87128pt x 509.72522pt.
[7] [8 <./figs/tableD.pdf>] [9] [10]) (mythesis.bbl [11]
centered
) (appendixA.tex [12

]
 \th@ChapterStyle\th@DoChapCenterAppendix \th@ChapterStyle A.
centered
[13

]) (appendixB.tex [14]
 \th@ChapterStyle\th@DoChapCenterAppendix \th@ChapterStyle B.
centered
)
Package atveryend Info: Empty hook `BeforeClearDocument' on input line 78.
 [15

]
Package atveryend Info: Empty hook `AfterLastShipout' on input line 78.
 (mythesis.aux)
Package atveryend Info: Executing hook `AtVeryEndDocument' on input line 78.
Package atveryend Info: Executing hook `AtEndAfterFileList' on input line 78.
Package rerunfilecheck Info: File `mythesis.out' has not changed.
(rerunfilecheck)             Checksum: 6C0496A6AAF2E81418A3FB1539576743;820.
Package atveryend Info: Empty hook `AtVeryVeryEnd' on input line 78.
 ) 
Here is how much of TeX's memory you used:
 5928 strings out of 492973
 88764 string characters out of 3121374
 182356 words of memory out of 3000000
 9620 multiletter control sequences out of 15000+200000
 14971 words of font info for 57 fonts, out of 3000000 for 9000
 1141 hyphenation exceptions out of 8191
 29i,13n,39p,672b,453s stack positions out of 5000i,500n,10000p,200000b,50000s
<C:/Users/Padraig Lysandrou/AppData/Local/Programs/MiKTeX 2.9/fonts/type1/pub
lic/amsfonts/cm/cmbx10.pfb><C:/Users/Padraig Lysandrou/AppData/Local/Programs/M
iKTeX 2.9/fonts/type1/public/amsfonts/cm/cmbx12.pfb><C:/Users/Padraig Lysandrou
/AppData/Local/Programs/MiKTeX 2.9/fonts/type1/public/amsfonts/cm/cmex10.pfb><C
:/Users/Padraig Lysandrou/AppData/Local/Programs/MiKTeX 2.9/fonts/type1/public/
amsfonts/cm/cmmi10.pfb><C:/Users/Padraig Lysandrou/AppData/Local/Programs/MiKTe
X 2.9/fonts/type1/public/amsfonts/cm/cmmi8.pfb><C:/Users/Padraig Lysandrou/AppD
ata/Local/Programs/MiKTeX 2.9/fonts/type1/public/amsfonts/cm/cmr10.pfb><C:/User
s/Padraig Lysandrou/AppData/Local/Programs/MiKTeX 2.9/fonts/type1/public/amsfon
ts/cm/cmr6.pfb><C:/Users/Padraig Lysandrou/AppData/Local/Programs/MiKTeX 2.9/fo
nts/type1/public/amsfonts/cm/cmr8.pfb><C:/Users/Padraig Lysandrou/AppData/Local
/Programs/MiKTeX 2.9/fonts/type1/public/amsfonts/cm/cmr9.pfb><C:/Users/Padraig 
Lysandrou/AppData/Local/Programs/MiKTeX 2.9/fonts/type1/public/amsfonts/cm/cmsy
10.pfb><C:/Users/Padraig Lysandrou/AppData/Local/Programs/MiKTeX 2.9/fonts/type
1/public/amsfonts/cm/cmsy8.pfb><C:/Users/Padraig Lysandrou/AppData/Local/Progra
ms/MiKTeX 2.9/fonts/type1/public/amsfonts/cm/cmti10.pfb><C:/Users/Padraig Lysan
drou/AppData/Local/Programs/MiKTeX 2.9/fonts/type1/public/amsfonts/cm/cmtt10.pf
b><C:/Users/Padraig Lysandrou/AppData/Local/Programs/MiKTeX 2.9/fonts/type1/pub
lic/amsfonts/cm/cmtt12.pfb>
Output written on mythesis.pdf (23 pages, 284446 bytes).
PDF statistics:
 338 PDF objects out of 1000 (max. 8388607)
 90 named destinations out of 1000 (max. 500000)
 122 words of extra memory for PDF output out of 10000 (max. 10000000)

