\BOOKMARK [0][-]{chapter.1}{Introduction}{}% 1
\BOOKMARK [1][-]{section.1.1}{Background}{chapter.1}% 2
\BOOKMARK [1][-]{section.1.2}{Motivation}{chapter.1}% 3
\BOOKMARK [2][-]{subsection.1.2.1}{Attributes of a Good Guidance Algorithm}{section.1.2}% 4
\BOOKMARK [1][-]{section.1.3}{Literature Review and Related Research}{chapter.1}% 5
\BOOKMARK [1][-]{section.1.4}{Brief Introduction to Convex Optimization}{chapter.1}% 6
\BOOKMARK [1][-]{section.1.5}{On Successive Convexification}{chapter.1}% 7
\BOOKMARK [1][-]{section.1.6}{Statement of Scope}{chapter.1}% 8
\BOOKMARK [0][-]{chapter.2}{The Powered Descent Guidance Problem}{}% 9
\BOOKMARK [1][-]{section.2.1}{Problem Description}{chapter.2}% 10
\BOOKMARK [1][-]{section.2.2}{Definitions and Notation}{chapter.2}% 11
\BOOKMARK [1][-]{section.2.3}{Vehicle Dynamics}{chapter.2}% 12
\BOOKMARK [2][-]{subsection.2.3.1}{Translational Dynamics}{section.2.3}% 13
\BOOKMARK [2][-]{subsection.2.3.2}{Attitude Dynamics and Formalisms}{section.2.3}% 14
\BOOKMARK [1][-]{section.2.4}{Boundary Conditions and State Constraints}{chapter.2}% 15
\BOOKMARK [1][-]{section.2.5}{Continuous Time Problem}{chapter.2}% 16
\BOOKMARK [0][-]{chapter.3}{Convex Formulation}{}% 17
\BOOKMARK [1][-]{section.3.1}{Linearization}{chapter.3}% 18
\BOOKMARK [2][-]{subsection.3.1.1}{Convexifying the Minimum Thrust Constraint}{section.3.1}% 19
\BOOKMARK [1][-]{section.3.2}{Discretization Scheme}{chapter.3}% 20
\BOOKMARK [1][-]{section.3.3}{Successive Form, Trust Regions and Relaxations}{chapter.3}% 21
\BOOKMARK [1][-]{section.3.4}{Convex Sub-Problem}{chapter.3}% 22
\BOOKMARK [1][-]{section.3.5}{Algorithm}{chapter.3}% 23
\BOOKMARK [0][-]{chapter.4}{Guidance Results}{}% 24
\BOOKMARK [1][-]{section.4.1}{Discussion}{chapter.4}% 25
\BOOKMARK [1][-]{section.4.2}{Planar Problem Solutions}{chapter.4}% 26
\BOOKMARK [1][-]{section.4.3}{Non-Planar Problem Solutions}{chapter.4}% 27
\BOOKMARK [0][-]{chapter.5}{Analysis}{}% 28
\BOOKMARK [1][-]{section.5.1}{Computation Preface}{chapter.5}% 29
\BOOKMARK [1][-]{section.5.2}{Temporal Node Count Variation}{chapter.5}% 30
\BOOKMARK [1][-]{section.5.3}{Glideslope and Superterminal Constraints}{chapter.5}% 31
\BOOKMARK [1][-]{section.5.4}{A Parameter Variation Study}{chapter.5}% 32
\BOOKMARK [0][-]{chapter.6}{Conclusions}{}% 33
\BOOKMARK [-1][-]{chapter*.23}{ Bibliography}{}% 34
\BOOKMARK [0][-]{appendix.A}{Additional Constraint Considerations}{chapter*.23}% 35
\BOOKMARK [1][-]{section.A.1}{TVC Bandwidth Constraints}{appendix.A}% 36
\BOOKMARK [1][-]{section.A.2}{Convexifying the Alignment Constraint}{appendix.A}% 37
